<?xml version="1.0" encoding="utf-8"?><testsuites name="pytest tests"><testsuite name="pytest" errors="0" failures="0" skipped="0" tests="39" time="50.656" timestamp="2026-09-18T02:17:38.241713+09:00" hostname="localhost"><testcase classname="tests.test_all_rejected" name="test_all_invalid_rows_are_preserved_in_quarantine" time="4.956" /><testcase classname="tests.test_api" name="test_health_requires_a_release" time="0.008" /><testcase classname="tests.test_api" name="test_dashboard_and_decimal_contract" time="7.571" /><testcase classname="tests.test_api" name="test_historical_cutoff_and_early_observation" time="0.074" /><testcase classname="tests.test_api" name="test_invalid_queries_and_csv_export" time="0.058" /><testcase classname="tests.test_normalize" name="test_duplicate_facts_are_deterministic" time="0.001" /><testcase classname="tests.test_normalize" name="test_decimal_is_exact" time="0.000" /><testcase classname="tests.test_normalize" name="test_bad_observation_is_quarantined[val-True]" time="0.001" /><testcase classname="tests.test_normalize" name="test_bad_observation_is_quarantined[val-100]" time="0.001" /><testcase classname="tests.test_normalize" name="test_bad_observation_is_quarantined[val--1]" time="0.001" /><testcase classname="tests.test_normalize" name="test_bad_observation_is_quarantined[filed-2023-01-01]" time="0.001" /><testcase classname="tests.test_normalize" name="test_bad_observation_is_quarantined[accn-bad-id]" time="0.001" /><testcase classname="tests.test_normalize" name="test_bad_observation_is_quarantined[end-2023-02-31]" time="0.001" /><testcase classname="tests.test_normalize" name="test_negative_income_is_valid" time="0.001" /><testcase classname="tests.test_normalize" name="test_additive_drift_is_recorded" time="0.001" /><testcase classname="tests.test_normalize" name="test_breaking_source_contract_fails[{}]" time="0.000" /><testcase classname="tests.test_normalize" name="test_breaking_source_contract_fails[not-json]" time="0.000" /><testcase classname="tests.test_normalize" name="test_breaking_source_contract_fails[{&quot;cik&quot;:2}]" time="0.001" /><testcase classname="tests.test_numeric_identity" name="test_equivalent_numeric_representation_does_not_create_another_version" time="0.001" /><testcase classname="tests.test_pipeline" name="test_replay_is_idempotent" time="0.046" /><testcase classname="tests.test_pipeline" name="test_failure_after_ingestion_keeps_checkpoint_and_replays" time="5.910" /><testcase classname="tests.test_pipeline" name="test_failure_before_publication_does_not_replace_data" time="5.085" /><testcase classname="tests.test_pipeline" name="test_revision_and_quarter_do_not_overwrite_history" time="5.019" /><testcase classname="tests.test_pipeline" name="test_platform_observation_time_excludes_late_discovery" time="5.133" /><testcase classname="tests.test_pipeline" name="test_scd_type_two_preserves_metadata" time="5.020" /><testcase classname="tests.test_pipeline" name="test_excessive_rejections_block_release_and_create_quarantine" time="0.035" /><testcase classname="tests.test_pipeline" name="test_writer_lock_prevents_simultaneous_runs" time="0.015" /><testcase classname="tests.test_pipeline" name="test_dbt_failure_retains_last_release" time="0.035" /><testcase classname="tests.test_pipeline" name="test_year_range_change_reprocesses_source" time="9.087" /><testcase classname="tests.test_pipeline" name="test_real_dataset_and_api_dbt_parity" time="0.126" /><testcase classname="tests.test_precision" name="test_parquet_preserves_currency_beyond_float_precision" time="0.016" /><testcase classname="tests.test_quality_lineage" name="test_metric_trace_matches_original_json_and_silver" time="0.162" /><testcase classname="tests.test_quality_lineage" name="test_quality_explains_missing_fields_and_balance_scope" time="1.891" /><testcase classname="tests.test_quality_lineage" name="test_observability_distinguishes_publication_age_and_missing_data" time="0.023" /><testcase classname="tests.test_quality_lineage" name="test_uninitialized_metrics_are_not_ready" time="0.011" /><testcase classname="tests.test_quality_lineage" name="test_missing_serving_database_is_not_ready" time="0.018" /><testcase classname="tests.test_sources" name="test_live_requires_contact" time="0.000" /><testcase classname="tests.test_sources" name="test_429_retries_and_uses_contact_header" time="0.000" /><testcase classname="tests.test_sources" name="test_403_does_not_retry" time="0.000" /></testsuite></testsuites>